Determining if the pthread_create exist failed with the following output:
Change Dir: /home/josef/Workspace/game_of_life/build/CMakeFiles/CMakeTmp

Run Build Command:"/usr/bin/make" "cmTC_2a1da/fast"
/usr/bin/make -f CMakeFiles/cmTC_2a1da.dir/build.make CMakeFiles/cmTC_2a1da.dir/build
make[1]: Verzeichnis „/home/josef/Workspace/game_of_life/build/CMakeFiles/CMakeTmp“ wird betreten
Building C object CMakeFiles/cmTC_2a1da.dir/CheckSymbolExists.c.o
/usr/bin/cc     -o CMakeFiles/cmTC_2a1da.dir/CheckSymbolExists.c.o   -c /home/josef/Workspace/game_of_life/build/CMakeFiles/CMakeTmp/CheckSymbolExists.c
Linking C executable cmTC_2a1da
/usr/bin/cmake -E cmake_link_script CMakeFiles/cmTC_2a1da.dir/link.txt --verbose=1
/usr/bin/cc       CMakeFiles/cmTC_2a1da.dir/CheckSymbolExists.c.o  -o cmTC_2a1da 
CMakeFiles/cmTC_2a1da.dir/CheckSymbolExists.c.o: In Funktion `main':
CheckSymbolExists.c:(.text+0x16): Nicht definierter Verweis auf `pthread_create'
collect2: error: ld returned 1 exit status
CMakeFiles/cmTC_2a1da.dir/build.make:97: die Regel für Ziel „cmTC_2a1da“ scheiterte
make[1]: *** [cmTC_2a1da] Fehler 1
make[1]: Verzeichnis „/home/josef/Workspace/game_of_life/build/CMakeFiles/CMakeTmp“ wird verlassen
Makefile:126: die Regel für Ziel „cmTC_2a1da/fast“ scheiterte
make: *** [cmTC_2a1da/fast] Fehler 2

File /home/josef/Workspace/game_of_life/build/CMakeFiles/CMakeTmp/CheckSymbolExists.c:
/* */
#include <pthread.h>

int main(int argc, char** argv)
{
  (void)argv;
#ifndef pthread_create
  return ((int*)(&pthread_create))[argc];
#else
  (void)argc;
  return 0;
#endif
}

Determining if the function pthread_create exists in the pthreads failed with the following output:
Change Dir: /home/josef/Workspace/game_of_life/build/CMakeFiles/CMakeTmp

Run Build Command:"/usr/bin/make" "cmTC_35bd6/fast"
/usr/bin/make -f CMakeFiles/cmTC_35bd6.dir/build.make CMakeFiles/cmTC_35bd6.dir/build
make[1]: Verzeichnis „/home/josef/Workspace/game_of_life/build/CMakeFiles/CMakeTmp“ wird betreten
Building C object CMakeFiles/cmTC_35bd6.dir/CheckFunctionExists.c.o
/usr/bin/cc    -DCHECK_FUNCTION_EXISTS=pthread_create   -o CMakeFiles/cmTC_35bd6.dir/CheckFunctionExists.c.o   -c /usr/share/cmake-3.5/Modules/CheckFunctionExists.c
Linking C executable cmTC_35bd6
/usr/bin/cmake -E cmake_link_script CMakeFiles/cmTC_35bd6.dir/link.txt --verbose=1
/usr/bin/cc   -DCHECK_FUNCTION_EXISTS=pthread_create    CMakeFiles/cmTC_35bd6.dir/CheckFunctionExists.c.o  -o cmTC_35bd6 -lpthreads 
/usr/bin/ld: cannot find -lpthreads
collect2: error: ld returned 1 exit status
CMakeFiles/cmTC_35bd6.dir/build.make:97: die Regel für Ziel „cmTC_35bd6“ scheiterte
make[1]: *** [cmTC_35bd6] Fehler 1
make[1]: Verzeichnis „/home/josef/Workspace/game_of_life/build/CMakeFiles/CMakeTmp“ wird verlassen
Makefile:126: die Regel für Ziel „cmTC_35bd6/fast“ scheiterte
make: *** [cmTC_35bd6/fast] Fehler 2


